<?xml version="1.0" encoding="UTF-8"?>
<testsuite name="com.doxxx93.book.springboot.web.IndexControllerTest" tests="1" skipped="0" failures="0" errors="0" timestamp="2022-03-21T00:07:39" hostname="Ds-MacBookAir.local" time="0.391">
  <properties/>
  <testcase name="메인페이지_로딩" classname="com.doxxx93.book.springboot.web.IndexControllerTest" time="0.391"/>
  <system-out><![CDATA[09:07:30.599 [Test worker] DEBUG org.springframework.test.context.junit4.SpringJUnit4ClassRunner - SpringJUnit4ClassRunner constructor called with [class com.doxxx93.book.springboot.web.IndexControllerTest]
09:07:30.623 [Test worker] DEBUG org.springframework.test.context.BootstrapUtils - Instantiating CacheAwareContextLoaderDelegate from class [org.springframework.test.context.cache.DefaultCacheAwareContextLoaderDelegate]
09:07:30.639 [Test worker] DEBUG org.springframework.test.context.BootstrapUtils - Instantiating BootstrapContext using constructor [public org.springframework.test.context.support.DefaultBootstrapContext(java.lang.Class,org.springframework.test.context.CacheAwareContextLoaderDelegate)]
09:07:30.670 [Test worker] DEBUG org.springframework.test.context.BootstrapUtils - Instantiating TestContextBootstrapper for test class [com.doxxx93.book.springboot.web.IndexControllerTest] from class [org.springframework.boot.test.context.SpringBootTestContextBootstrapper]
09:07:30.691 [Test worker] INFO org.springframework.boot.test.context.SpringBootTestContextBootstrapper - Neither @ContextConfiguration nor @ContextHierarchy found for test class [com.doxxx93.book.springboot.web.IndexControllerTest], using SpringBootContextLoader
09:07:30.695 [Test worker] DEBUG org.springframework.test.context.support.AbstractContextLoader - Did not detect default resource location for test class [com.doxxx93.book.springboot.web.IndexControllerTest]: class path resource [com/doxxx93/book/springboot/web/IndexControllerTest-context.xml] does not exist
09:07:30.697 [Test worker] DEBUG org.springframework.test.context.support.AbstractContextLoader - Did not detect default resource location for test class [com.doxxx93.book.springboot.web.IndexControllerTest]: class path resource [com/doxxx93/book/springboot/web/IndexControllerTestContext.groovy] does not exist
09:07:30.697 [Test worker] INFO org.springframework.test.context.support.AbstractContextLoader - Could not detect default resource locations for test class [com.doxxx93.book.springboot.web.IndexControllerTest]: no resource found for suffixes {-context.xml, Context.groovy}.
09:07:30.699 [Test worker] INFO org.springframework.test.context.support.AnnotationConfigContextLoaderUtils - Could not detect default configuration classes for test class [com.doxxx93.book.springboot.web.IndexControllerTest]: IndexControllerTest does not declare any static, non-private, non-final, nested classes annotated with @Configuration.
09:07:30.774 [Test worker] DEBUG org.springframework.test.context.support.ActiveProfilesUtils - Could not find an 'annotation declaring class' for annotation type [org.springframework.test.context.ActiveProfiles] and class [com.doxxx93.book.springboot.web.IndexControllerTest]
09:07:30.978 [Test worker] DEBUG org.springframework.context.annotation.ClassPathScanningCandidateComponentProvider - Identified candidate component class: file [/Users/doxxx/springboot-webservice/build/classes/java/main/com/doxxx93/book/springboot/Application.class]
09:07:30.983 [Test worker] INFO org.springframework.boot.test.context.SpringBootTestContextBootstrapper - Found @SpringBootConfiguration com.doxxx93.book.springboot.Application for test class com.doxxx93.book.springboot.web.IndexControllerTest
09:07:31.113 [Test worker] DEBUG org.springframework.boot.test.context.SpringBootTestContextBootstrapper - @TestExecutionListeners is not present for class [com.doxxx93.book.springboot.web.IndexControllerTest]: using defaults.
09:07:31.115 [Test worker] INFO org.springframework.boot.test.context.SpringBootTestContextBootstrapper - Loaded default TestExecutionListener class names from location [META-INF/spring.factories]: [org.springframework.boot.test.autoconfigure.restdocs.RestDocsTestExecutionListener, org.springframework.boot.test.autoconfigure.web.client.MockRestServiceServerResetTestExecutionListener, org.springframework.boot.test.autoconfigure.web.servlet.MockMvcPrintOnlyOnFailureTestExecutionListener, org.springframework.boot.test.autoconfigure.web.servlet.WebDriverTestExecutionListener, org.springframework.boot.test.mock.mockito.MockitoTestExecutionListener, org.springframework.boot.test.mock.mockito.ResetMocksTestExecutionListener, org.springframework.test.context.web.ServletTestExecutionListener, org.springframework.test.context.support.DirtiesContextBeforeModesTestExecutionListener, org.springframework.test.context.support.DependencyInjectionTestExecutionListener, org.springframework.test.context.support.DirtiesContextTestExecutionListener, org.springframework.test.context.transaction.TransactionalTestExecutionListener, org.springframework.test.context.jdbc.SqlScriptsTestExecutionListener]
09:07:31.131 [Test worker] INFO org.springframework.boot.test.context.SpringBootTestContextBootstrapper - Using TestExecutionListeners: [org.springframework.test.context.web.ServletTestExecutionListener@27f1b6a7, org.springframework.test.context.support.DirtiesContextBeforeModesTestExecutionListener@36886bdd, org.springframework.boot.test.mock.mockito.MockitoTestExecutionListener@191a0cf0, org.springframework.boot.test.autoconfigure.SpringBootDependencyInjectionTestExecutionListener@46f0a774, org.springframework.test.context.support.DirtiesContextTestExecutionListener@6c1e6583, org.springframework.test.context.transaction.TransactionalTestExecutionListener@193d2d5e, org.springframework.test.context.jdbc.SqlScriptsTestExecutionListener@5009df05, org.springframework.boot.test.autoconfigure.restdocs.RestDocsTestExecutionListener@13011977, org.springframework.boot.test.autoconfigure.web.client.MockRestServiceServerResetTestExecutionListener@c2c44e9, org.springframework.boot.test.autoconfigure.web.servlet.MockMvcPrintOnlyOnFailureTestExecutionListener@7c8bdfef, org.springframework.boot.test.autoconfigure.web.servlet.WebDriverTestExecutionListener@6264d68c, org.springframework.boot.test.mock.mockito.ResetMocksTestExecutionListener@7935b116]
09:07:31.162 [Test worker] DEBUG org.springframework.test.annotation.ProfileValueUtils - Retrieved @ProfileValueSourceConfiguration [null] for test class [com.doxxx93.book.springboot.web.IndexControllerTest]
09:07:31.168 [Test worker] DEBUG org.springframework.test.annotation.ProfileValueUtils - Retrieved ProfileValueSource type [class org.springframework.test.annotation.SystemProfileValueSource] for class [com.doxxx93.book.springboot.web.IndexControllerTest]
09:07:31.186 [Test worker] DEBUG org.springframework.test.annotation.ProfileValueUtils - Retrieved @ProfileValueSourceConfiguration [null] for test class [com.doxxx93.book.springboot.web.IndexControllerTest]
09:07:31.187 [Test worker] DEBUG org.springframework.test.annotation.ProfileValueUtils - Retrieved ProfileValueSource type [class org.springframework.test.annotation.SystemProfileValueSource] for class [com.doxxx93.book.springboot.web.IndexControllerTest]
09:07:31.188 [Test worker] DEBUG org.springframework.test.annotation.ProfileValueUtils - Retrieved @ProfileValueSourceConfiguration [null] for test class [com.doxxx93.book.springboot.web.IndexControllerTest]
09:07:31.188 [Test worker] DEBUG org.springframework.test.annotation.ProfileValueUtils - Retrieved ProfileValueSource type [class org.springframework.test.annotation.SystemProfileValueSource] for class [com.doxxx93.book.springboot.web.IndexControllerTest]
09:07:31.193 [Test worker] DEBUG org.springframework.test.context.support.AbstractDirtiesContextTestExecutionListener - Before test class: context [DefaultTestContext@49d4e04d testClass = IndexControllerTest, testInstance = [null], testMethod = [null], testException = [null], mergedContextConfiguration = [WebMergedContextConfiguration@4a8d3e54 testClass = IndexControllerTest, locations = '{}', classes = '{class com.doxxx93.book.springboot.Application}', contextInitializerClasses = '[]', activeProfiles = '{}', propertySourceLocations = '{}', propertySourceProperties = '{org.springframework.boot.test.context.SpringBootTestContextBootstrapper=true, server.port=0}', contextCustomizers = set[org.springframework.boot.test.autoconfigure.properties.PropertyMappingContextCustomizer@0, org.springframework.boot.test.autoconfigure.web.servlet.WebDriverContextCustomizerFactory$Customizer@791cc91d, org.springframework.boot.test.context.filter.ExcludeFilterContextCustomizer@d29d6b0, org.springframework.boot.test.json.DuplicateJsonObjectContextCustomizerFactory$DuplicateJsonObjectContextCustomizer@1f4ae904, org.springframework.boot.test.mock.mockito.MockitoContextCustomizer@0, org.springframework.boot.test.web.client.TestRestTemplateContextCustomizer@54d3e9b4], resourceBasePath = 'src/main/webapp', contextLoader = 'org.springframework.boot.test.context.SpringBootContextLoader', parent = [null]], attributes = map['org.springframework.test.context.web.ServletTestExecutionListener.activateListener' -> false]], class annotated with @DirtiesContext [false] with mode [null].
09:07:31.196 [Test worker] DEBUG org.springframework.test.annotation.ProfileValueUtils - Retrieved @ProfileValueSourceConfiguration [null] for test class [com.doxxx93.book.springboot.web.IndexControllerTest]
09:07:31.196 [Test worker] DEBUG org.springframework.test.annotation.ProfileValueUtils - Retrieved ProfileValueSource type [class org.springframework.test.annotation.SystemProfileValueSource] for class [com.doxxx93.book.springboot.web.IndexControllerTest]
09:07:31.206 [Test worker] DEBUG org.springframework.test.context.support.DependencyInjectionTestExecutionListener - Performing dependency injection for test context [[DefaultTestContext@49d4e04d testClass = IndexControllerTest, testInstance = com.doxxx93.book.springboot.web.IndexControllerTest@ecf89a4, testMethod = [null], testException = [null], mergedContextConfiguration = [WebMergedContextConfiguration@4a8d3e54 testClass = IndexControllerTest, locations = '{}', classes = '{class com.doxxx93.book.springboot.Application}', contextInitializerClasses = '[]', activeProfiles = '{}', propertySourceLocations = '{}', propertySourceProperties = '{org.springframework.boot.test.context.SpringBootTestContextBootstrapper=true, server.port=0}', contextCustomizers = set[org.springframework.boot.test.autoconfigure.properties.PropertyMappingContextCustomizer@0, org.springframework.boot.test.autoconfigure.web.servlet.WebDriverContextCustomizerFactory$Customizer@791cc91d, org.springframework.boot.test.context.filter.ExcludeFilterContextCustomizer@d29d6b0, org.springframework.boot.test.json.DuplicateJsonObjectContextCustomizerFactory$DuplicateJsonObjectContextCustomizer@1f4ae904, org.springframework.boot.test.mock.mockito.MockitoContextCustomizer@0, org.springframework.boot.test.web.client.TestRestTemplateContextCustomizer@54d3e9b4], resourceBasePath = 'src/main/webapp', contextLoader = 'org.springframework.boot.test.context.SpringBootContextLoader', parent = [null]], attributes = map['org.springframework.test.context.web.ServletTestExecutionListener.activateListener' -> false]]].
09:07:31.242 [Test worker] DEBUG org.springframework.test.context.support.TestPropertySourceUtils - Adding inlined properties to environment: {spring.jmx.enabled=false, org.springframework.boot.test.context.SpringBootTestContextBootstrapper=true, server.port=0}

  .   ____          _            __ _ _
 /\\ / ___'_ __ _ _(_)_ __  __ _ \ \ \ \
( ( )\___ | '_ | '_| | '_ \/ _` | \ \ \ \
 \\/  ___)| |_)| | | | | || (_| |  ) ) ) )
  '  |____| .__|_| |_|_| |_\__, | / / / /
 =========|_|==============|___/=/_/_/_/
 :: Spring Boot ::        (v2.1.7.RELEASE)

2022-03-21 09:07:31.854  INFO 24882 --- [    Test worker] c.d.b.s.web.IndexControllerTest          : Starting IndexControllerTest on Ds-MacBookAir.local with PID 24882 (started by doxxx in /Users/doxxx/springboot-webservice)
2022-03-21 09:07:31.857  INFO 24882 --- [    Test worker] c.d.b.s.web.IndexControllerTest          : No active profile set, falling back to default profiles: default
2022-03-21 09:07:33.242  INFO 24882 --- [    Test worker] .s.d.r.c.RepositoryConfigurationDelegate : Bootstrapping Spring Data repositories in DEFAULT mode.
2022-03-21 09:07:33.388  INFO 24882 --- [    Test worker] .s.d.r.c.RepositoryConfigurationDelegate : Finished Spring Data repository scanning in 140ms. Found 1 repository interfaces.
2022-03-21 09:07:34.044  INFO 24882 --- [    Test worker] trationDelegate$BeanPostProcessorChecker : Bean 'org.springframework.transaction.annotation.ProxyTransactionManagementConfiguration' of type [org.springframework.transaction.annotation.ProxyTransactionManagementConfiguration$$EnhancerBySpringCGLIB$$aacc3186] is not eligible for getting processed by all BeanPostProcessors (for example: not eligible for auto-proxying)
2022-03-21 09:07:34.823  INFO 24882 --- [    Test worker] o.s.b.w.embedded.tomcat.TomcatWebServer  : Tomcat initialized with port(s): 0 (http)
2022-03-21 09:07:34.907  INFO 24882 --- [    Test worker] o.apache.catalina.core.StandardService   : Starting service [Tomcat]
2022-03-21 09:07:34.908  INFO 24882 --- [    Test worker] org.apache.catalina.core.StandardEngine  : Starting Servlet engine: [Apache Tomcat/9.0.22]
2022-03-21 09:07:35.126  INFO 24882 --- [    Test worker] o.a.c.c.C.[Tomcat].[localhost].[/]       : Initializing Spring embedded WebApplicationContext
2022-03-21 09:07:35.126  INFO 24882 --- [    Test worker] o.s.web.context.ContextLoader            : Root WebApplicationContext: initialization completed in 3208 ms
2022-03-21 09:07:35.734  INFO 24882 --- [    Test worker] com.zaxxer.hikari.HikariDataSource       : HikariPool-1 - Starting...
2022-03-21 09:07:35.997  INFO 24882 --- [    Test worker] com.zaxxer.hikari.HikariDataSource       : HikariPool-1 - Start completed.
2022-03-21 09:07:36.205  INFO 24882 --- [    Test worker] o.hibernate.jpa.internal.util.LogHelper  : HHH000204: Processing PersistenceUnitInfo [
	name: default
	...]
2022-03-21 09:07:36.271  INFO 24882 --- [    Test worker] org.hibernate.Version                    : HHH000412: Hibernate Core {5.3.10.Final}
2022-03-21 09:07:36.273  INFO 24882 --- [    Test worker] org.hibernate.cfg.Environment            : HHH000206: hibernate.properties not found
2022-03-21 09:07:36.461  INFO 24882 --- [    Test worker] o.hibernate.annotations.common.Version   : HCANN000001: Hibernate Commons Annotations {5.0.4.Final}
2022-03-21 09:07:36.612  INFO 24882 --- [    Test worker] org.hibernate.dialect.Dialect            : HHH000400: Using dialect: org.hibernate.dialect.MySQL5Dialect
Hibernate: drop table if exists posts
Hibernate: create table posts (id bigint not null auto_increment, created_date datetime, modified_date datetime, author varchar(255), content TEXT not null, title varchar(500) not null, primary key (id)) engine=MyISAM
2022-03-21 09:07:37.530  INFO 24882 --- [    Test worker] o.h.t.schema.internal.SchemaCreatorImpl  : HHH000476: Executing import script 'org.hibernate.tool.schema.internal.exec.ScriptSourceInputNonExistentImpl@308a3109'
2022-03-21 09:07:37.534  INFO 24882 --- [    Test worker] j.LocalContainerEntityManagerFactoryBean : Initialized JPA EntityManagerFactory for persistence unit 'default'
2022-03-21 09:07:38.675  INFO 24882 --- [    Test worker] o.s.s.concurrent.ThreadPoolTaskExecutor  : Initializing ExecutorService 'applicationTaskExecutor'
2022-03-21 09:07:38.732  WARN 24882 --- [    Test worker] aWebConfiguration$JpaWebMvcConfiguration : spring.jpa.open-in-view is enabled by default. Therefore, database queries may be performed during view rendering. Explicitly configure spring.jpa.open-in-view to disable this warning
2022-03-21 09:07:38.814  INFO 24882 --- [    Test worker] o.s.b.a.w.s.WelcomePageHandlerMapping    : Adding welcome page template: index
2022-03-21 09:07:39.140  INFO 24882 --- [    Test worker] o.s.b.w.embedded.tomcat.TomcatWebServer  : Tomcat started on port(s): 50238 (http) with context path ''
2022-03-21 09:07:39.145  INFO 24882 --- [    Test worker] c.d.b.s.web.IndexControllerTest          : Started IndexControllerTest in 7.898 seconds (JVM running for 9.533)
2022-03-21 09:07:39.382  INFO 24882 --- [o-auto-1-exec-1] o.a.c.c.C.[Tomcat].[localhost].[/]       : Initializing Spring DispatcherServlet 'dispatcherServlet'
2022-03-21 09:07:39.382  INFO 24882 --- [o-auto-1-exec-1] o.s.web.servlet.DispatcherServlet        : Initializing Servlet 'dispatcherServlet'
2022-03-21 09:07:39.440  INFO 24882 --- [o-auto-1-exec-1] o.s.web.servlet.DispatcherServlet        : Completed initialization in 57 ms
]]></system-out>
  <system-err><![CDATA[]]></system-err>
</testsuite>
